\BOOKMARK [1][-]{section.1}{AlphaUML}{}% 1
\BOOKMARK [2][-]{subsection.1.1}{Introduction}{section.1}% 2
\BOOKMARK [2][-]{subsection.1.2}{Projects}{section.1}% 3
\BOOKMARK [3][-]{subsubsection.1.2.1}{New Project}{subsection.1.2}% 4
\BOOKMARK [3][-]{subsubsection.1.2.2}{Load Existing Project}{subsection.1.2}% 5
\BOOKMARK [2][-]{subsection.1.3}{Console}{section.1}% 6
\BOOKMARK [3][-]{subsubsection.1.3.1}{Java Compiler}{subsection.1.3}% 7
\BOOKMARK [3][-]{subsubsection.1.3.2}{JavaDoc Generator}{subsection.1.3}% 8
\BOOKMARK [2][-]{subsection.1.4}{Java Editor}{section.1}% 9
\BOOKMARK [2][-]{subsection.1.5}{Class Diagram Editor}{section.1}% 10
\BOOKMARK [3][-]{subsubsection.1.5.1}{Class}{subsection.1.5}% 11
\BOOKMARK [3][-]{subsubsection.1.5.2}{Note}{subsection.1.5}% 12
\BOOKMARK [3][-]{subsubsection.1.5.3}{Association}{subsection.1.5}% 13
\BOOKMARK [3][-]{subsubsection.1.5.4}{Generalization}{subsection.1.5}% 14
\BOOKMARK [3][-]{subsubsection.1.5.5}{Required Interface}{subsection.1.5}% 15
\BOOKMARK [3][-]{subsubsection.1.5.6}{Provided Interface}{subsection.1.5}% 16
\BOOKMARK [1][-]{section.2}{Implementation}{}% 17
\BOOKMARK [2][-]{subsection.2.1}{Frameworks}{section.2}% 18
\BOOKMARK [3][-]{subsubsection.2.1.1}{Adobe Air}{subsection.2.1}% 19
\BOOKMARK [3][-]{subsubsection.2.1.2}{Dojo Toolkit}{subsection.2.1}% 20
\BOOKMARK [3][-]{subsubsection.2.1.3}{PEG.js}{subsection.2.1}% 21
\BOOKMARK [3][-]{subsubsection.2.1.4}{Ace}{subsection.2.1}% 22
\BOOKMARK [2][-]{subsection.2.2}{User Interface \(UI\)}{section.2}% 23
\BOOKMARK [3][-]{subsubsection.2.2.1}{Graphical Design}{subsection.2.2}% 24
\BOOKMARK [3][-]{subsubsection.2.2.2}{The basics of the GUI design}{subsection.2.2}% 25
\BOOKMARK [3][-]{subsubsection.2.2.3}{Additional GUI components}{subsection.2.2}% 26
\BOOKMARK [2][-]{subsection.2.3}{Single Page Web App}{section.2}% 27
\BOOKMARK [2][-]{subsection.2.4}{Single Source Publishing}{section.2}% 28
\BOOKMARK [3][-]{subsubsection.2.4.1}{Class Diagram Specifics}{subsection.2.4}% 29
\BOOKMARK [3][-]{subsubsection.2.4.2}{Project Specifics}{subsection.2.4}% 30
\BOOKMARK [1][-]{section.3}{Round-trip engineering}{}% 31
\BOOKMARK [2][-]{subsection.3.1}{Reverse engineering}{section.3}% 32
\BOOKMARK [3][-]{subsubsection.3.1.1}{Parser}{subsection.3.1}% 33
\BOOKMARK [3][-]{subsubsection.3.1.2}{Parser grammar rules}{subsection.3.1}% 34
\BOOKMARK [3][-]{subsubsection.3.1.3}{Parser grammar example}{subsection.3.1}% 35
\BOOKMARK [3][-]{subsubsection.3.1.4}{Parser output}{subsection.3.1}% 36
\BOOKMARK [3][-]{subsubsection.3.1.5}{Class diagram generation}{subsection.3.1}% 37
\BOOKMARK [2][-]{subsection.3.2}{Forward engineering}{section.3}% 38
\BOOKMARK [3][-]{subsubsection.3.2.1}{Generalization}{subsection.3.2}% 39
\BOOKMARK [3][-]{subsubsection.3.2.2}{Binary association}{subsection.3.2}% 40
\BOOKMARK [3][-]{subsubsection.3.2.3}{Provided interfaces}{subsection.3.2}% 41
\BOOKMARK [3][-]{subsubsection.3.2.4}{Required interfaces}{subsection.3.2}% 42
\BOOKMARK [3][-]{subsubsection.3.2.5}{Extended interfaces}{subsection.3.2}% 43
